Watching for file changes with StatReloader
Waiting for apps ready_event.
Apps ready_event triggered. Sending autoreload_started signal.
Watching dir C:\awswebapps\twitter-clone\twitterclone\templates with glob **/*.
Watching dir C:\awswebapps\twitter-clone\locale with glob **/*.mo.
Watching dir C:\awswebapps\twitter-clone\twitterclone\locale with glob **/*.mo.
(0.000) 
            SELECT name, type FROM sqlite_master
            WHERE type in ('table', 'view') AND NOT name='sqlite_sequence'
            ORDER BY name; args=None; alias=default
(0.000) SELECT "django_migrations"."id", "django_migrations"."app", "django_migrations"."name", "django_migrations"."applied" FROM "django_migrations"; args=(); alias=default
File C:\awswebapps\twitter-clone\twitterclone\models.py first seen with mtime 1644689874.5501308
File C:\awswebapps\twitter-clone\venv\Lib\site-packages\django\views\decorators\cache.py first seen with mtime 1644624688.130191
File C:\Users\ab1cd\AppData\Local\Programs\Python\Python310\Lib\email\policy.py first seen with mtime 1633367524.0
File C:\awswebapps\twitter-clone\venv\Lib\site-packages\django\core\mail\__init__.py first seen with mtime 1644624687.812193
File C:\awswebapps\twitter-clone\venv\Lib\site-packages\django\urls\resolvers.py first seen with mtime 1644624688.0841906
File C:\awswebapps\twitter-clone\venv\Lib\site-packages\django\utils\dateparse.py first seen with mtime 1644624688.0941913
File C:\awswebapps\twitter-clone\venv\Lib\site-packages\sqlparse\engine\grouping.py first seen with mtime 1644624684.4241827
File C:\awswebapps\twitter-clone\venv\Lib\site-packages\django\views\generic\base.py first seen with mtime 1644624688.1371906
File C:\awswebapps\twitter-clone\venv\Lib\site-packages\django\db\models\fields\__init__.py first seen with mtime 1644624687.9301927
File C:\awswebapps\twitter-clone\venv\Lib\site-packages\django\utils\crypto.py first seen with mtime 1644624688.092189
File C:\awswebapps\twitter-clone\venv\Lib\site-packages\sqlparse\filters\__init__.py first seen with mtime 1644624684.4261816
File C:\awswebapps\twitter-clone\venv\Lib\site-packages\django\core\files\utils.py first seen with mtime 1644624687.8081925
File C:\Users\ab1cd\AppData\Local\Programs\Python\Python310\Lib\email\mime\base.py first seen with mtime 1633367524.0
File C:\Users\ab1cd\AppData\Local\Programs\Python\Python310\Lib\sqlite3\dbapi2.py first seen with mtime 1633367524.0
File C:\awswebapps\twitter-clone\venv\Lib\site-packages\django\utils\module_loading.py first seen with mtime 1644624688.110193
File C:\Users\ab1cd\AppData\Local\Programs\Python\Python310\Lib\difflib.py first seen with mtime 1642422312.0
File C:\awswebapps\twitter-clone\venv\Lib\site-packages\django\contrib\contenttypes\views.py first seen with mtime 1644624686.19218
File C:\Users\ab1cd\AppData\Local\Programs\Python\Python310\DLLs\unicodedata.pyd first seen with mtime 1642422366.0
File C:\awswebapps\twitter-clone\venv\Lib\site-packages\django\contrib\staticfiles\management\commands\__init__.py first seen with mtime 1644624687.7691915
File C:\awswebapps\twitter-clone\venv\Lib\site-packages\django\db\migrations\migration.py first seen with mtime 1644624687.9041977
File C:\Users\ab1cd\AppData\Local\Programs\Python\Python310\Lib\ctypes\wintypes.py first seen with mtime 1633367524.0
File C:\awswebapps\twitter-clone\venv\Lib\site-packages\django\core\validators.py first seen with mtime 1644624687.780193
File C:\awswebapps\twitter-clone\venv\Lib\site-packages\django\contrib\admin\sites.py first seen with mtime 1644624685.1801784
File C:\Users\ab1cd\AppData\Local\Programs\Python\Python310\Lib\statistics.py first seen with mtime 1642422312.0
File C:\Users\ab1cd\AppData\Local\Programs\Python\Python310\Lib\argparse.py first seen with mtime 1642422312.0
File C:\awswebapps\twitter-clone\venv\Lib\site-packages\django\utils\version.py first seen with mtime 1644624688.118191
File C:\awswebapps\twitter-clone\venv\Lib\site-packages\django\shortcuts.py first seen with mtime 1644624684.7801824
File C:\awswebapps\twitter-clone\venv\Lib\site-packages\django\contrib\auth\__init__.py first seen with mtime 1644624685.922184
File C:\awswebapps\twitter-clone\venv\Lib\site-packages\django\core\serializers\json.py first seen with mtime 1644624687.845191
File C:\Users\ab1cd\AppData\Local\Programs\Python\Python310\Lib\importlib\abc.py first seen with mtime 1633367524.0
File C:\Users\ab1cd\AppData\Local\Programs\Python\Python310\Lib\email\contentmanager.py first seen with mtime 1633367524.0
File C:\awswebapps\twitter-clone\venv\Lib\site-packages\asgiref\sync.py first seen with mtime 1644624684.6611888
File C:\awswebapps\twitter-clone\venv\Lib\site-packages\django\contrib\contenttypes\admin.py first seen with mtime 1644624686.1871789
File C:\Users\ab1cd\AppData\Local\Programs\Python\Python310\Lib\nturl2path.py first seen with mtime 1633367524.0
File C:\awswebapps\twitter-clone\venv\Lib\site-packages\sqlparse\filters\output.py first seen with mtime 1644624684.428179
File C:\awswebapps\twitter-clone\venv\Lib\site-packages\sqlparse\tokens.py first seen with mtime 1644624684.4211771
File C:\Users\ab1cd\AppData\Local\Programs\Python\Python310\Lib\ctypes\_endian.py first seen with mtime 1633367524.0
File C:\Users\ab1cd\AppData\Local\Programs\Python\Python310\DLLs\_lzma.pyd first seen with mtime 1642422364.0
File C:\awswebapps\twitter-clone\venv\Lib\site-packages\django\contrib\auth\admin.py first seen with mtime 1644624685.9231856
File C:\Users\ab1cd\AppData\Local\Programs\Python\Python310\Lib\email\generator.py first seen with mtime 1633367524.0
File C:\Users\ab1cd\AppData\Local\Programs\Python\Python310\Lib\inspect.py first seen with mtime 1642422312.0
File C:\Users\ab1cd\AppData\Local\Programs\Python\Python310\Lib\asyncio\constants.py first seen with mtime 1633367524.0
File C:\awswebapps\twitter-clone\venv\Lib\site-packages\django\db\models\sql\subqueries.py first seen with mtime 1644624687.9511943
File C:\awswebapps\twitter-clone\venv\Lib\site-packages\django\db\models\sql\where.py first seen with mtime 1644624687.952193
File C:\awswebapps\twitter-clone\venv\Lib\site-packages\django\db\models\sql\query.py first seen with mtime 1644624687.9501944
File C:\awswebapps\twitter-clone\venv\Lib\site-packages\django\utils\translation\__init__.py first seen with mtime 1644624688.120191
File C:\awswebapps\twitter-clone\venv\Lib\site-packages\django\contrib\staticfiles\views.py first seen with mtime 1644624687.76819
File C:\awswebapps\twitter-clone\venv\Lib\site-packages\django\template\engine.py first seen with mtime 1644624688.0531917
File C:\awswebapps\twitter-clone\venv\Lib\site-packages\django\db\models\lookups.py first seen with mtime 1644624687.9231937
File C:\awswebapps\twitter-clone\venv\Lib\site-packages\django\template\base.py first seen with mtime 1644624688.0491922
File C:\Users\ab1cd\AppData\Local\Programs\Python\Python310\Lib\hashlib.py first seen with mtime 1633367524.0
File C:\awswebapps\twitter-clone\venv\Lib\site-packages\django\db\models\functions\__init__.py first seen with mtime 1644624687.9392002
File C:\awswebapps\twitter-clone\venv\Lib\site-packages\django\contrib\contenttypes\models.py first seen with mtime 1644624686.191179
File C:\awswebapps\twitter-clone\venv\Lib\site-packages\django\contrib\staticfiles\__init__.py first seen with mtime 1644624687.761193
File C:\awswebapps\twitter-clone\venv\Lib\site-packages\django\utils\numberformat.py first seen with mtime 1644624688.111191
File C:\Users\ab1cd\AppData\Local\Programs\Python\Python310\Lib\glob.py first seen with mtime 1633367524.0
File C:\Users\ab1cd\AppData\Local\Programs\Python\Python310\Lib\importlib\_abc.py first seen with mtime 1633367524.0
File C:\awswebapps\twitter-clone\venv\Lib\site-packages\django\utils\log.py first seen with mtime 1644624688.1091974
File C:\Users\ab1cd\AppData\Local\Programs\Python\Python310\Lib\hmac.py first seen with mtime 1633367524.0
File C:\awswebapps\twitter-clone\venv\Lib\site-packages\django\contrib\sessions\__init__.py first seen with mtime 1644624687.3371878
File C:\Users\ab1cd\AppData\Local\Programs\Python\Python310\Lib\datetime.py first seen with mtime 1633367524.0
File C:\awswebapps\twitter-clone\venv\Lib\site-packages\sqlparse\keywords.py first seen with mtime 1644624684.419179
File C:\Users\ab1cd\AppData\Local\Programs\Python\Python310\Lib\asyncio\threads.py first seen with mtime 1633367524.0
File C:\awswebapps\twitter-clone\venv\Lib\site-packages\django\contrib\auth\password_validation.py first seen with mtime 1644624685.9411848
File C:\awswebapps\twitter-clone\venv\Lib\site-packages\django\contrib\messages\api.py first seen with mtime 1644624687.0121913
File C:\awswebapps\twitter-clone\venv\Lib\site-packages\django\db\backends\sqlite3\schema.py first seen with mtime 1644624687.8961945
File C:\Users\ab1cd\AppData\Local\Programs\Python\Python310\Lib\sysconfig.py first seen with mtime 1642422312.0
File C:\awswebapps\twitter-clone\venv\Lib\site-packages\django\db\models\functions\text.py first seen with mtime 1644624687.9431934
File C:\Users\ab1cd\AppData\Local\Programs\Python\Python310\Lib\locale.py first seen with mtime 1633367524.0
File C:\awswebapps\twitter-clone\venv\Lib\site-packages\django\templatetags\i18n.py first seen with mtime 1644624688.06919
File C:\Users\ab1cd\AppData\Local\Programs\Python\Python310\Lib\html\parser.py first seen with mtime 1642422312.0
File C:\Users\ab1cd\AppData\Local\Programs\Python\Python310\Lib\socket.py first seen with mtime 1633367524.0
File C:\Users\ab1cd\AppData\Local\Programs\Python\Python310\Lib\sre_constants.py first seen with mtime 1633367524.0
File C:\awswebapps\twitter-clone\venv\Lib\site-packages\django\db\models\fields\reverse_related.py first seen with mtime 1644624687.9381952
File C:\Users\ab1cd\AppData\Local\Programs\Python\Python310\Lib\importlib\__init__.py first seen with mtime 1642422312.0
File C:\awswebapps\twitter-clone\venv\Lib\site-packages\django\core\cache\backends\locmem.py first seen with mtime 1644624687.7871895
File C:\awswebapps\twitter-clone\venv\Lib\site-packages\django\utils\regex_helper.py first seen with mtime 1644624688.112192
File C:\Users\ab1cd\AppData\Local\Programs\Python\Python310\Lib\shutil.py first seen with mtime 1633367524.0
File C:\awswebapps\twitter-clone\venv\Lib\site-packages\django\core\checks\compatibility\__init__.py first seen with mtime 1644624687.7971914
File C:\awswebapps\twitter-clone\venv\Lib\site-packages\django\core\handlers\__init__.py first seen with mtime 1644624687.8091922
File C:\Users\ab1cd\AppData\Local\Programs\Python\Python310\Lib\ipaddress.py first seen with mtime 1633367524.0
File C:\awswebapps\twitter-clone\venv\Lib\site-packages\django\contrib\admin\models.py first seen with mtime 1644624685.177178
File C:\awswebapps\twitter-clone\venv\Lib\site-packages\django\urls\__init__.py first seen with mtime 1644624688.0801878
File C:\awswebapps\twitter-clone\venv\Lib\site-packages\django\db\migrations\__init__.py first seen with mtime 1644624687.8981957
File C:\awswebapps\twitter-clone\venv\Lib\site-packages\django\core\handlers\wsgi.py first seen with mtime 1644624687.812193
File C:\Users\ab1cd\AppData\Local\Programs\Python\Python310\Lib\urllib\parse.py first seen with mtime 1633367524.0
File C:\awswebapps\twitter-clone\venv\Lib\site-packages\django\core\management\commands\runserver.py first seen with mtime 1644624687.8341932
File C:\Users\ab1cd\AppData\Local\Programs\Python\Python310\Lib\mimetypes.py first seen with mtime 1642422312.0
File C:\awswebapps\twitter-clone\venv\Lib\site-packages\django\template\backends\base.py first seen with mtime 1644624688.0601919
File C:\awswebapps\twitter-clone\venv\Lib\site-packages\django\core\checks\translation.py first seen with mtime 1644624687.7961912
File C:\awswebapps\twitter-clone\venv\Lib\site-packages\django\db\models\fields\mixins.py first seen with mtime 1644624687.9331965
File C:\awswebapps\twitter-clone\venv\Lib\site-packages\django\urls\converters.py first seen with mtime 1644624688.0831945
File C:\awswebapps\twitter-clone\venv\Lib\site-packages\django\db\backends\base\schema.py first seen with mtime 1644624687.8611917
File C:\awswebapps\twitter-clone\venv\Lib\site-packages\django\db\migrations\operations\base.py first seen with mtime 1644624687.9111934
File C:\awswebapps\twitter-clone\venv\Lib\site-packages\django\core\checks\registry.py first seen with mtime 1644624687.7941906
File C:\awswebapps\twitter-clone\venv\Lib\site-packages\django\contrib\admin\decorators.py first seen with mtime 1644624685.1731868
File C:\Users\ab1cd\AppData\Local\Programs\Python\Python310\Lib\email\mime\multipart.py first seen with mtime 1633367524.0
File C:\Users\ab1cd\AppData\Local\Programs\Python\Python310\Lib\gzip.py first seen with mtime 1642422312.0
File C:\awswebapps\twitter-clone\venv\Lib\site-packages\django\contrib\contenttypes\apps.py first seen with mtime 1644624686.1881802
File C:\awswebapps\twitter-clone\venv\Lib\site-packages\django\contrib\staticfiles\handlers.py first seen with mtime 1644624687.7641935
File C:\Users\ab1cd\AppData\Local\Programs\Python\Python310\Lib\socketserver.py first seen with mtime 1633367524.0
File C:\Users\ab1cd\AppData\Local\Programs\Python\Python310\Lib\struct.py first seen with mtime 1633367524.0
File C:\Users\ab1cd\AppData\Local\Programs\Python\Python310\Lib\copyreg.py first seen with mtime 1633367524.0
File C:\Users\ab1cd\AppData\Local\Programs\Python\Python310\Lib\contextvars.py first seen with mtime 1633367524.0
File C:\awswebapps\twitter-clone\venv\Lib\site-packages\django\core\checks\caches.py first seen with mtime 1644624687.7911913
File C:\Users\ab1cd\AppData\Local\Programs\Python\Python310\Lib\urllib\request.py first seen with mtime 1633367524.0
File C:\awswebapps\twitter-clone\venv\Lib\site-packages\django\db\models\functions\comparison.py first seen with mtime 1644624687.9401982
File C:\Users\ab1cd\AppData\Local\Programs\Python\Python310\Lib\abc.py first seen with mtime 1633367524.0
File C:\Users\ab1cd\AppData\Local\Programs\Python\Python310\Lib\re.py first seen with mtime 1633367524.0
File C:\Users\ab1cd\AppData\Local\Programs\Python\Python310\Lib\_markupbase.py first seen with mtime 1633367524.0
File C:\awswebapps\twitter-clone\venv\Lib\site-packages\sqlparse\filters\others.py first seen with mtime 1644624684.428179
File C:\awswebapps\twitter-clone\venv\Lib\site-packages\sqlparse\filters\tokens.py first seen with mtime 1644624684.4311771
File C:\Users\ab1cd\AppData\Local\Programs\Python\Python310\Lib\zoneinfo\_tzpath.py first seen with mtime 1633367526.0
File C:\awswebapps\twitter-clone\venv\Lib\site-packages\django\db\models\options.py first seen with mtime 1644624687.9251926
File C:\Users\ab1cd\AppData\Local\Programs\Python\Python310\Lib\keyword.py first seen with mtime 1633367524.0
File C:\awswebapps\twitter-clone\venv\Lib\site-packages\django\core\files\base.py first seen with mtime 1644624687.8021913
File C:\awswebapps\twitter-clone\venv\Lib\site-packages\django\core\management\color.py first seen with mtime 1644624687.821193
File C:\Users\ab1cd\AppData\Local\Programs\Python\Python310\Lib\urllib\error.py first seen with mtime 1633367524.0
File C:\awswebapps\twitter-clone\venv\Lib\site-packages\django\template\backends\django.py first seen with mtime 1644624688.061191
File C:\Users\ab1cd\AppData\Local\Programs\Python\Python310\Lib\json\decoder.py first seen with mtime 1633367524.0
File C:\awswebapps\twitter-clone\venv\Lib\site-packages\django\contrib\admin\apps.py first seen with mtime 1644624685.1711776
File C:\awswebapps\twitter-clone\venv\Lib\site-packages\django\db\models\functions\window.py first seen with mtime 1644624687.9441936
File C:\awswebapps\twitter-clone\venv\Lib\site-packages\django\db\models\__init__.py first seen with mtime 1644624687.915197
File C:\awswebapps\twitter-clone\venv\Lib\site-packages\django\db\backends\base\base.py first seen with mtime 1644624687.8561933
File C:\awswebapps\twitter-clone\venv\Lib\site-packages\django\contrib\auth\tokens.py first seen with mtime 1644624685.9431894
File C:\awswebapps\twitter-clone\venv\Lib\site-packages\django\core\management\__init__.py first seen with mtime 1644624687.8201919
File C:\awswebapps\twitter-clone\venv\Lib\site-packages\django\views\generic\dates.py first seen with mtime 1644624688.13819
File C:\Users\ab1cd\AppData\Local\Programs\Python\Python310\Lib\ast.py first seen with mtime 1633367524.0
File C:\awswebapps\twitter-clone\venv\Lib\site-packages\django\utils\timesince.py first seen with mtime 1644624688.1151924
File C:\awswebapps\twitter-clone\venv\Lib\site-packages\django\db\utils.py first seen with mtime 1644624687.852189
File C:\Users\ab1cd\AppData\Local\Programs\Python\Python310\Lib\email\encoders.py first seen with mtime 1633367524.0
File C:\Users\ab1cd\AppData\Local\Programs\Python\Python310\Lib\pathlib.py first seen with mtime 1633367524.0
File C:\awswebapps\twitter-clone\venv\Lib\site-packages\django\db\models\expressions.py first seen with mtime 1644624687.9221938
File C:\awswebapps\twitter-clone\venv\Lib\site-packages\django\templatetags\cache.py first seen with mtime 1644624688.06919
File C:\awswebapps\twitter-clone\venv\Lib\site-packages\django\contrib\auth\signals.py first seen with mtime 1644624685.942191
File C:\awswebapps\twitter-clone\venv\Lib\site-packages\django\apps\registry.py first seen with mtime 1644624684.7831812
File C:\awswebapps\twitter-clone\venv\Lib\site-packages\django\template\loader_tags.py first seen with mtime 1644624688.0561924
File C:\awswebapps\twitter-clone\venv\Lib\site-packages\django\contrib\admin\views\autocomplete.py first seen with mtime 1644624685.6751783
File C:\Users\ab1cd\AppData\Local\Programs\Python\Python310\Lib\email\__init__.py first seen with mtime 1633367524.0
File C:\Users\ab1cd\AppData\Local\Programs\Python\Python310\Lib\asyncio\windows_events.py first seen with mtime 1642422312.0
File C:\awswebapps\twitter-clone\venv\Lib\site-packages\django\db\transaction.py first seen with mtime 1644624687.851195
File C:\Users\ab1cd\AppData\Local\Programs\Python\Python310\Lib\subprocess.py first seen with mtime 1633367524.0
File C:\awswebapps\twitter-clone\venv\Lib\site-packages\django\utils\dateformat.py first seen with mtime 1644624688.0941913
File C:\awswebapps\twitter-clone\venv\Lib\site-packages\django\core\mail\message.py first seen with mtime 1644624687.8131914
File C:\awswebapps\twitter-clone\venv\Lib\site-packages\django\db\backends\signals.py first seen with mtime 1644624687.8541896
File C:\awswebapps\twitter-clone\venv\Lib\site-packages\sqlparse\formatter.py first seen with mtime 1644624684.4181783
File C:\Users\ab1cd\AppData\Local\Programs\Python\Python310\Lib\unittest\util.py first seen with mtime 1633367524.0
File C:\awswebapps\twitter-clone\venv\Lib\site-packages\django\db\models\fields\json.py first seen with mtime 1644624687.9321952
File C:\Users\ab1cd\AppData\Local\Programs\Python\Python310\DLLs\_hashlib.pyd first seen with mtime 1642422364.0
File C:\Users\ab1cd\AppData\Local\Programs\Python\Python310\Lib\threading.py first seen with mtime 1642422312.0
File C:\awswebapps\twitter-clone\venv\Lib\site-packages\django\core\checks\security\__init__.py first seen with mtime 1644624687.7981925
File C:\Users\ab1cd\AppData\Local\Programs\Python\Python310\Lib\html\__init__.py first seen with mtime 1633367524.0
File C:\Users\ab1cd\AppData\Local\Programs\Python\Python310\Lib\concurrent\futures\_base.py first seen with mtime 1642422312.0
File C:\awswebapps\twitter-clone\venv\Lib\site-packages\django\core\management\commands\__init__.py first seen with mtime 1644624687.8251915
File C:\awswebapps\twitter-clone\venv\Lib\site-packages\django\contrib\messages\storage\__init__.py first seen with mtime 1644624687.0181904
File C:\awswebapps\twitter-clone\venv\Lib\site-packages\django\core\files\uploadhandler.py first seen with mtime 1644624687.8071926
File C:\awswebapps\twitter-clone\venv\Lib\site-packages\django\db\models\indexes.py first seen with mtime 1644624687.9221938
File C:\Users\ab1cd\AppData\Local\Programs\Python\Python310\Lib\ssl.py first seen with mtime 1633367524.0
File C:\awswebapps\twitter-clone\venv\Lib\site-packages\django\utils\_os.py first seen with mtime 1644624688.0861912
File C:\awswebapps\twitter-clone\venv\Lib\site-packages\django\core\checks\__init__.py first seen with mtime 1644624687.7891908
File C:\awswebapps\twitter-clone\venv\Lib\site-packages\sqlparse\__init__.py first seen with mtime 1644624684.4141767
File C:\Users\ab1cd\AppData\Local\Programs\Python\Python310\Lib\unittest\loader.py first seen with mtime 1633367524.0
File C:\Users\ab1cd\AppData\Local\Programs\Python\Python310\Lib\json\scanner.py first seen with mtime 1633367524.0
File C:\awswebapps\twitter-clone\venv\Lib\site-packages\django\db\models\query_utils.py first seen with mtime 1644624687.9271944
File C:\awswebapps\twitter-clone\venv\Lib\site-packages\django\utils\translation\reloader.py first seen with mtime 1644624688.1211905
File C:\Users\ab1cd\AppData\Local\Programs\Python\Python310\DLLs\_socket.pyd first seen with mtime 1642422364.0
File C:\awswebapps\twitter-clone\venv\Lib\site-packages\django\db\models\fields\files.py first seen with mtime 1644624687.931193
File C:\awswebapps\twitter-clone\venv\Lib\site-packages\django\contrib\staticfiles\utils.py first seen with mtime 1644624687.7671907
File C:\awswebapps\twitter-clone\venv\Lib\site-packages\django\views\decorators\common.py first seen with mtime 1644624688.1311972
File C:\Users\ab1cd\AppData\Local\Programs\Python\Python310\Lib\numbers.py first seen with mtime 1633367524.0
File C:\Users\ab1cd\AppData\Local\Programs\Python\Python310\Lib\json\encoder.py first seen with mtime 1642422312.0
File C:\awswebapps\twitter-clone\venv\Lib\site-packages\django\forms\widgets.py first seen with mtime 1644624687.964192
File C:\awswebapps\twitter-clone\venv\Lib\site-packages\django\core\checks\database.py first seen with mtime 1644624687.792194
File C:\awswebapps\twitter-clone\venv\Lib\site-packages\django\utils\lorem_ipsum.py first seen with mtime 1644624688.110193
File C:\awswebapps\twitter-clone\venv\Lib\site-packages\django\contrib\contenttypes\checks.py first seen with mtime 1644624686.1891806
File C:\Users\ab1cd\AppData\Local\Programs\Python\Python310\Lib\platform.py first seen with mtime 1642422312.0
File C:\awswebapps\twitter-clone\venv\Lib\site-packages\django\urls\exceptions.py first seen with mtime 1644624688.0841906
File C:\awswebapps\twitter-clone\venv\Lib\site-packages\django\core\cache\utils.py first seen with mtime 1644624687.7831912
File C:\Users\ab1cd\AppData\Local\Programs\Python\Python310\Lib\_collections_abc.py first seen with mtime 1633367524.0
File C:\awswebapps\twitter-clone\venv\Lib\site-packages\django\db\backends\sqlite3\client.py first seen with mtime 1644624687.8921974
File C:\Users\ab1cd\AppData\Local\Programs\Python\Python310\Lib\concurrent\futures\__init__.py first seen with mtime 1633367524.0
File C:\awswebapps\twitter-clone\venv\Lib\site-packages\django\utils\tree.py first seen with mtime 1644624688.118191
File C:\awswebapps\twitter-clone\venv\Lib\site-packages\django\db\migrations\utils.py first seen with mtime 1644624687.909192
File C:\awswebapps\twitter-clone\venv\Lib\site-packages\django\contrib\auth\forms.py first seen with mtime 1644624685.933188
File C:\Users\ab1cd\AppData\Local\Programs\Python\Python310\Lib\functools.py first seen with mtime 1642422312.0
File C:\Users\ab1cd\AppData\Local\Programs\Python\Python310\Lib\asyncio\tasks.py first seen with mtime 1642422312.0
File C:\awswebapps\twitter-clone\venv\Lib\site-packages\django\db\models\enums.py first seen with mtime 1644624687.921195
File C:\awswebapps\twitter-clone\venv\Lib\site-packages\django\contrib\admin\templatetags\base.py first seen with mtime 1644624685.673186
File C:\Users\ab1cd\AppData\Local\Programs\Python\Python310\Lib\asyncio\format_helpers.py first seen with mtime 1633367524.0
File C:\Users\ab1cd\AppData\Local\Programs\Python\Python310\Lib\asyncio\base_subprocess.py first seen with mtime 1633367524.0
File C:\awswebapps\twitter-clone\venv\Lib\site-packages\django\contrib\admin\checks.py first seen with mtime 1644624685.172183
File C:\awswebapps\twitter-clone\venv\Lib\site-packages\django\db\backends\sqlite3\features.py first seen with mtime 1644624687.8931966
File C:\Users\ab1cd\AppData\Local\Programs\Python\Python310\Lib\asyncio\streams.py first seen with mtime 1633367524.0
File C:\Users\ab1cd\AppData\Local\Programs\Python\Python310\DLLs\_bz2.pyd first seen with mtime 1642422364.0
File C:\Users\ab1cd\AppData\Local\Programs\Python\Python310\Lib\bz2.py first seen with mtime 1642422312.0
File C:\awswebapps\twitter-clone\venv\Lib\site-packages\django\views\i18n.py first seen with mtime 1644624688.127195
File C:\awswebapps\twitter-clone\venv\Lib\site-packages\django\forms\fields.py first seen with mtime 1644624687.9581926
File C:\awswebapps\twitter-clone\venv\Lib\site-packages\django\core\handlers\exception.py first seen with mtime 1644624687.8111918
File C:\awswebapps\twitter-clone\venv\Lib\site-packages\django\contrib\auth\management\__init__.py first seen with mtime 1644624686.1711779
File C:\Users\ab1cd\AppData\Local\Programs\Python\Python310\Lib\unittest\main.py first seen with mtime 1633367524.0
File C:\Users\ab1cd\AppData\Local\Programs\Python\Python310\Lib\asyncio\staggered.py first seen with mtime 1633367524.0
File C:\awswebapps\twitter-clone\venv\Lib\site-packages\django\utils\html.py first seen with mtime 1644624688.1041915
File C:\awswebapps\twitter-clone\venv\Lib\site-packages\django\db\backends\base\client.py first seen with mtime 1644624687.8571913
File C:\Users\ab1cd\AppData\Local\Programs\Python\Python310\Lib\typing.py first seen with mtime 1642422312.0
File C:\awswebapps\twitter-clone\venv\Lib\site-packages\django\views\generic\list.py first seen with mtime 1644624688.1401913
File C:\Users\ab1cd\AppData\Local\Programs\Python\Python310\Lib\asyncio\futures.py first seen with mtime 1633367524.0
File C:\Users\ab1cd\AppData\Local\Programs\Python\Python310\Lib\email\_encoded_words.py first seen with mtime 1633367524.0
File C:\awswebapps\twitter-clone\venv\Lib\site-packages\django\contrib\admin\templatetags\admin_modify.py first seen with mtime 1644624685.671176
File C:\awswebapps\twitter-clone\venv\Lib\site-packages\django\core\cache\backends\filebased.py first seen with mtime 1644624687.7861917
File C:\awswebapps\twitter-clone\venv\Lib\site-packages\django\db\models\signals.py first seen with mtime 1644624687.9281926
File C:\awswebapps\twitter-clone\venv\Lib\site-packages\django\utils\connection.py first seen with mtime 1644624688.0911891
File C:\awswebapps\twitter-clone\venv\Lib\site-packages\django\db\backends\sqlite3\operations.py first seen with mtime 1644624687.8951924
File C:\awswebapps\twitter-clone\venv\Lib\site-packages\django\views\generic\detail.py first seen with mtime 1644624688.13819
File C:\awswebapps\twitter-clone\venv\Lib\site-packages\django\db\backends\base\features.py first seen with mtime 1644624687.8581927
File C:\awswebapps\twitter-clone\venv\Lib\site-packages\django\conf\locale\__init__.py first seen with mtime 1644624684.7911801
File C:\awswebapps\twitter-clone\venv\Lib\site-packages\django\template\smartif.py first seen with mtime 1644624688.0581913
File C:\Users\ab1cd\AppData\Local\Programs\Python\Python310\DLLs\_ctypes.pyd first seen with mtime 1642422364.0
File C:\awswebapps\twitter-clone\venv\Lib\site-packages\django\core\cache\backends\__init__.py first seen with mtime 1644624687.7831912
File C:\Users\ab1cd\AppData\Local\Programs\Python\Python310\Lib\heapq.py first seen with mtime 1633367524.0
File C:\awswebapps\twitter-clone\venv\Lib\site-packages\django\core\files\move.py first seen with mtime 1644624687.8041904
File C:\awswebapps\twitter-clone\venv\Lib\site-packages\django\middleware\security.py first seen with mtime 1644624688.0461924
File C:\Users\ab1cd\AppData\Local\Programs\Python\Python310\Lib\email\utils.py first seen with mtime 1633367524.0
File C:\Users\ab1cd\AppData\Local\Programs\Python\Python310\Lib\encodings\aliases.py first seen with mtime 1633367524.0
File C:\awswebapps\twitter-clone\twitterclone\urls.py first seen with mtime 1644618556.071168
File C:\awswebapps\twitter-clone\venv\Lib\site-packages\django\db\models\sql\constants.py first seen with mtime 1644624687.9471946
File C:\awswebapps\twitter-clone\venv\Lib\site-packages\django\db\backends\__init__.py first seen with mtime 1644624687.852189
File C:\awswebapps\twitter-clone\twitterclone\apps.py first seen with mtime 1644618556.0641718
File C:\Users\ab1cd\AppData\Local\Programs\Python\Python310\Lib\wsgiref\simple_server.py first seen with mtime 1633367526.0
File C:\awswebapps\twitter-clone\venv\Lib\site-packages\asgiref\local.py first seen with mtime 1644624684.6591792
File C:\awswebapps\twitter-clone\venv\Lib\site-packages\django\contrib\auth\hashers.py first seen with mtime 1644624685.9351888
File C:\awswebapps\twitter-clone\venv\Lib\site-packages\sqlparse\filters\reindent.py first seen with mtime 1644624684.4291775
File C:\awswebapps\twitter-clone\venv\Lib\site-packages\django\core\checks\model_checks.py first seen with mtime 1644624687.7941906
File C:\awswebapps\twitter-clone\venv\Lib\site-packages\django\db\backends\base\operations.py first seen with mtime 1644624687.8601918
File C:\awswebapps\twitter-clone\venv\Lib\site-packages\django\forms\__init__.py first seen with mtime 1644624687.9561956
File C:\awswebapps\twitter-clone\venv\Lib\site-packages\sqlparse\exceptions.py first seen with mtime 1644624684.4171782
File C:\Users\ab1cd\AppData\Local\Programs\Python\Python310\Lib\base64.py first seen with mtime 1633367524.0
File C:\awswebapps\twitter-clone\venv\Lib\site-packages\django\db\models\fields\related_lookups.py first seen with mtime 1644624687.9371932
File C:\awswebapps\twitter-clone\venv\Lib\site-packages\django\db\models\fields\proxy.py first seen with mtime 1644624687.9331965
File C:\awswebapps\twitter-clone\venv\Lib\site-packages\sqlparse\utils.py first seen with mtime 1644624684.4221783
File C:\Users\ab1cd\AppData\Local\Programs\Python\Python310\Lib\asyncio\log.py first seen with mtime 1633367524.0
File C:\Users\ab1cd\AppData\Local\Programs\Python\Python310\Lib\email\message.py first seen with mtime 1633367524.0
File C:\Users\ab1cd\AppData\Local\Programs\Python\Python310\Lib\email\mime\__init__.py first seen with mtime 1633367524.0
File C:\awswebapps\twitter-clone\venv\Lib\site-packages\django\core\signals.py first seen with mtime 1644624687.7781954
File C:\Users\ab1cd\AppData\Local\Programs\Python\Python310\Lib\http\server.py first seen with mtime 1633367524.0
File C:\Users\ab1cd\AppData\Local\Programs\Python\Python310\Lib\getpass.py first seen with mtime 1633367524.0
File C:\Users\ab1cd\AppData\Local\Programs\Python\Python310\DLLs\_uuid.pyd first seen with mtime 1642422364.0
File C:\Users\ab1cd\AppData\Local\Programs\Python\Python310\Lib\asyncio\subprocess.py first seen with mtime 1633367524.0
File C:\Users\ab1cd\AppData\Local\Programs\Python\Python310\Lib\pprint.py first seen with mtime 1642422312.0
File C:\Users\ab1cd\AppData\Local\Programs\Python\Python310\Lib\traceback.py first seen with mtime 1642422312.0
File C:\awswebapps\twitter-clone\venv\Lib\site-packages\django\templatetags\l10n.py first seen with mtime 1644624688.0701935
File C:\awswebapps\twitter-clone\venv\Lib\site-packages\django\contrib\auth\models.py first seen with mtime 1644624685.9391863
File C:\awswebapps\twitter-clone\venv\Lib\site-packages\django\utils\functional.py first seen with mtime 1644624688.1031933
File C:\awswebapps\twitter-clone\venv\Lib\site-packages\django\contrib\admin\options.py first seen with mtime 1644624685.1791825
File C:\Users\ab1cd\AppData\Local\Programs\Python\Python310\Lib\email\mime\text.py first seen with mtime 1633367524.0
File C:\awswebapps\twitter-clone\venv\Lib\site-packages\django\contrib\admin\views\main.py first seen with mtime 1644624685.67618
File C:\Users\ab1cd\AppData\Local\Programs\Python\Python310\Lib\asyncio\__init__.py first seen with mtime 1633367524.0
File C:\Users\ab1cd\AppData\Local\Programs\Python\Python310\Lib\asyncio\events.py first seen with mtime 1642422312.0
File C:\awswebapps\twitter-clone\venv\Lib\site-packages\sqlparse\engine\filter_stack.py first seen with mtime 1644624684.4241827
File C:\Users\ab1cd\AppData\Local\Programs\Python\Python310\Lib\asyncio\sslproto.py first seen with mtime 1633367524.0
File C:\awswebapps\twitter-clone\venv\Lib\site-packages\django\utils\__init__.py first seen with mtime 1644624688.0861912
File C:\Users\ab1cd\AppData\Local\Programs\Python\Python310\Lib\uuid.py first seen with mtime 1633367524.0
File C:\Users\ab1cd\AppData\Local\Programs\Python\Python310\Lib\http\cookies.py first seen with mtime 1633367524.0
File C:\Users\ab1cd\AppData\Local\Programs\Python\Python310\Lib\asyncio\queues.py first seen with mtime 1633367524.0
File C:\awswebapps\twitter-clone\venv\Lib\site-packages\django\db\models\fields\related_descriptors.py first seen with mtime 1644624687.9361975
File C:\awswebapps\twitter-clone\venv\Lib\site-packages\django\utils\text.py first seen with mtime 1644624688.114195
File C:\awswebapps\twitter-clone\venv\Lib\site-packages\django\http\response.py first seen with mtime 1644624688.0391943
File C:\awswebapps\twitter-clone\venv\Lib\site-packages\django\core\files\temp.py first seen with mtime 1644624687.806192
File C:\Users\ab1cd\AppData\Local\Programs\Python\Python310\Lib\http\client.py first seen with mtime 1642422312.0
File C:\awswebapps\twitter-clone\venv\Lib\site-packages\django\db\migrations\operations\fields.py first seen with mtime 1644624687.9121935
File C:\awswebapps\twitter-clone\venv\Lib\site-packages\django\views\decorators\__init__.py first seen with mtime 1644624688.129193
File C:\Users\ab1cd\AppData\Local\Programs\Python\Python310\Lib\posixpath.py first seen with mtime 1633367524.0
File C:\awswebapps\twitter-clone\venv\Lib\site-packages\django\apps\config.py first seen with mtime 1644624684.782191
File C:\Users\ab1cd\AppData\Local\Programs\Python\Python310\Lib\json\__init__.py first seen with mtime 1642422312.0
File C:\Users\ab1cd\AppData\Local\Programs\Python\Python310\Lib\sre_compile.py first seen with mtime 1633367524.0
File C:\awswebapps\twitter-clone\venv\Lib\site-packages\django\core\signing.py first seen with mtime 1644624687.779196
File C:\awswebapps\twitter-clone\venv\Lib\site-packages\django\template\__init__.py first seen with mtime 1644624688.0471923
File C:\awswebapps\twitter-clone\venv\Lib\site-packages\django\contrib\sessions\models.py first seen with mtime 1644624687.3411891
File C:\awswebapps\twitter-clone\venv\Lib\site-packages\django\core\files\images.py first seen with mtime 1644624687.8031917
File C:\awswebapps\twitter-clone\venv\Lib\site-packages\django\contrib\auth\apps.py first seen with mtime 1644624685.924186
File C:\awswebapps\twitter-clone\venv\Lib\site-packages\django\core\checks\files.py first seen with mtime 1644624687.792194
File C:\Users\ab1cd\AppData\Local\Programs\Python\Python310\Lib\genericpath.py first seen with mtime 1633367524.0
File C:\awswebapps\twitter-clone\venv\Lib\site-packages\django\core\serializers\base.py first seen with mtime 1644624687.8441896
File C:\awswebapps\twitter-clone\venv\Lib\site-packages\django\contrib\messages\__init__.py first seen with mtime 1644624687.0111911
File C:\Users\ab1cd\AppData\Local\Programs\Python\Python310\Lib\collections\abc.py first seen with mtime 1633367524.0
File C:\awswebapps\twitter-clone\venv\Lib\site-packages\django\views\decorators\csrf.py first seen with mtime 1644624688.1321914
File C:\awswebapps\twitter-clone\venv\Lib\site-packages\sqlparse\engine\__init__.py first seen with mtime 1644624684.4231806
File C:\Users\ab1cd\AppData\Local\Programs\Python\Python310\Lib\asyncio\trsock.py first seen with mtime 1633367524.0
File C:\awswebapps\twitter-clone\venv\Lib\site-packages\django\contrib\auth\middleware.py first seen with mtime 1644624685.936183
File C:\awswebapps\twitter-clone\venv\Lib\site-packages\django\http\__init__.py first seen with mtime 1644624688.0361893
File C:\Users\ab1cd\AppData\Local\Programs\Python\Python310\Lib\token.py first seen with mtime 1633367524.0
File C:\awswebapps\twitter-clone\venv\Lib\site-packages\django\core\mail\utils.py first seen with mtime 1644624687.8141918
File C:\Users\ab1cd\AppData\Local\Programs\Python\Python310\Lib\operator.py first seen with mtime 1633367524.0
File C:\awswebapps\twitter-clone\venv\Lib\site-packages\django\db\models\base.py first seen with mtime 1644624687.9171977
File C:\awswebapps\twitter-clone\venv\Lib\site-packages\django\db\migrations\operations\special.py first seen with mtime 1644624687.9141946
File C:\awswebapps\twitter-clone\venv\Lib\site-packages\django\contrib\staticfiles\management\__init__.py first seen with mtime 1644624687.76819
File C:\Users\ab1cd\AppData\Local\Programs\Python\Python310\Lib\queue.py first seen with mtime 1633367524.0
File C:\Users\ab1cd\AppData\Local\Programs\Python\Python310\Lib\asyncio\coroutines.py first seen with mtime 1633367524.0
File C:\Users\ab1cd\AppData\Local\Programs\Python\Python310\Lib\ctypes\__init__.py first seen with mtime 1633367524.0
File C:\Users\ab1cd\AppData\Local\Programs\Python\Python310\Lib\fnmatch.py first seen with mtime 1633367524.0
File C:\awswebapps\twitter-clone\venv\Lib\site-packages\sqlparse\sql.py first seen with mtime 1644624684.4211771
File C:\awswebapps\twitter-clone\venv\Lib\site-packages\django\template\backends\__init__.py first seen with mtime 1644624688.0591936
File C:\Users\ab1cd\AppData\Local\Programs\Python\Python310\DLLs\_ssl.pyd first seen with mtime 1642422364.0
File C:\awswebapps\twitter-clone\venv\Lib\site-packages\django\utils\encoding.py first seen with mtime 1644624688.100191
File C:\awswebapps\twitter-clone\venv\Lib\site-packages\django\utils\translation\trans_real.py first seen with mtime 1644624688.1241906
File C:\awswebapps\twitter-clone\venv\Lib\site-packages\django\template\context.py first seen with mtime 1644624688.0501919
File C:\Users\ab1cd\AppData\Local\Programs\Python\Python310\Lib\stat.py first seen with mtime 1633367524.0
File C:\Users\ab1cd\AppData\Local\Programs\Python\Python310\Lib\email\base64mime.py first seen with mtime 1633367524.0
File C:\awswebapps\twitter-clone\venv\Lib\site-packages\django\contrib\staticfiles\apps.py first seen with mtime 1644624687.7621908
File C:\awswebapps\twitter-clone\venv\Lib\site-packages\django\db\models\constants.py first seen with mtime 1644624687.9181933
File C:\awswebapps\twitter-clone\venv\Lib\site-packages\django\middleware\cache.py first seen with mtime 1644624688.0411925
File C:\awswebapps\twitter-clone\venv\Lib\site-packages\django\db\migrations\operations\__init__.py first seen with mtime 1644624687.9111934
File C:\awswebapps\twitter-clone\venv\Lib\site-packages\django\utils\termcolors.py first seen with mtime 1644624688.114195
File C:\awswebapps\twitter-clone\venv\Lib\site-packages\django\contrib\sites\__init__.py first seen with mtime 1644624687.5931933
File C:\awswebapps\twitter-clone\venv\Lib\site-packages\django\contrib\sessions\apps.py first seen with mtime 1644624687.3381906
File C:\awswebapps\twitter-clone\venv\Lib\site-packages\django\db\backends\sqlite3\__init__.py first seen with mtime 1644624687.8902006
File C:\Users\ab1cd\AppData\Local\Programs\Python\Python310\DLLs\_sqlite3.pyd first seen with mtime 1642422364.0
File C:\awswebapps\twitter-clone\venv\Lib\site-packages\django\contrib\staticfiles\finders.py first seen with mtime 1644624687.7631922
File C:\Users\ab1cd\AppData\Local\Programs\Python\Python310\Lib\asyncio\base_tasks.py first seen with mtime 1633367524.0
File C:\awswebapps\twitter-clone\venv\Lib\site-packages\django\forms\renderers.py first seen with mtime 1644624687.9621942
File C:\awswebapps\twitter-clone\venv\Lib\site-packages\django\db\backends\utils.py first seen with mtime 1644624687.8541896
File C:\awswebapps\twitter-clone\venv\Lib\site-packages\django\contrib\sessions\middleware.py first seen with mtime 1644624687.3401902
File C:\awswebapps\twitter-clone\venv\Lib\site-packages\django\contrib\auth\base_user.py first seen with mtime 1644624685.9261813
File C:\awswebapps\twitter-clone\venv\Lib\site-packages\django\utils\deprecation.py first seen with mtime 1644624688.099191
File C:\awswebapps\twitter-clone\venv\Lib\site-packages\django\utils\hashable.py first seen with mtime 1644624688.1031933
File C:\awswebapps\twitter-clone\venv\Lib\site-packages\django\forms\utils.py first seen with mtime 1644624687.9631948
File C:\Users\ab1cd\AppData\Local\Programs\Python\Python310\Lib\asyncio\mixins.py first seen with mtime 1633367524.0
File C:\Users\ab1cd\AppData\Local\Programs\Python\Python310\Lib\email\mime\nonmultipart.py first seen with mtime 1633367524.0
File C:\awswebapps\twitter-clone\venv\Lib\site-packages\sqlparse\filters\aligned_indent.py first seen with mtime 1644624684.4271798
File C:\Users\ab1cd\AppData\Local\Programs\Python\Python310\Lib\importlib\util.py first seen with mtime 1633367524.0
File C:\Users\ab1cd\AppData\Local\Programs\Python\Python310\Lib\asyncio\protocols.py first seen with mtime 1633367524.0
File C:\awswebapps\twitter-clone\venv\Lib\site-packages\django\db\models\query.py first seen with mtime 1644624687.926194
File C:\Users\ab1cd\AppData\Local\Programs\Python\Python310\Lib\email\quoprimime.py first seen with mtime 1633367524.0
File C:\awswebapps\twitter-clone\venv\Lib\site-packages\sqlparse\filters\right_margin.py first seen with mtime 1644624684.4301794
File C:\Users\ab1cd\AppData\Local\Programs\Python\Python310\Lib\unittest\case.py first seen with mtime 1642422312.0
File C:\awswebapps\twitter-clone\venv\Lib\site-packages\django\views\decorators\debug.py first seen with mtime 1644624688.133191
File C:\awswebapps\twitter-clone\venv\Lib\site-packages\django\core\checks\security\csrf.py first seen with mtime 1644624687.80019
File C:\awswebapps\twitter-clone\venv\Lib\site-packages\django\db\backends\base\__init__.py first seen with mtime 1644624687.855193
File C:\awswebapps\twitter-clone\venv\Lib\site-packages\django\core\paginator.py first seen with mtime 1644624687.7771904
File C:\awswebapps\twitter-clone\venv\Lib\site-packages\django\core\__init__.py first seen with mtime 1644624687.77419
File C:\Users\ab1cd\AppData\Local\Programs\Python\Python310\Lib\_weakrefset.py first seen with mtime 1633367524.0
File C:\awswebapps\twitter-clone\venv\Lib\site-packages\django\core\wsgi.py first seen with mtime 1644624687.7811954
File C:\Users\ab1cd\AppData\Local\Programs\Python\Python310\Lib\asyncio\exceptions.py first seen with mtime 1633367524.0
File C:\awswebapps\twitter-clone\venv\Lib\site-packages\django\utils\timezone.py first seen with mtime 1644624688.1161911
File C:\awswebapps\twitter-clone\venv\Lib\site-packages\django\contrib\admin\filters.py first seen with mtime 1644624685.1751804
File C:\awswebapps\twitter-clone\venv\Lib\site-packages\django\contrib\admin\templatetags\admin_list.py first seen with mtime 1644624685.670177
File C:\awswebapps\twitter-clone\venv\Lib\site-packages\django\template\loaders\__init__.py first seen with mtime 1644624688.063192
File C:\Users\ab1cd\AppData\Local\Programs\Python\Python310\Lib\fractions.py first seen with mtime 1633367524.0
File C:\awswebapps\twitter-clone\venv\Lib\site-packages\django\db\backends\sqlite3\introspection.py first seen with mtime 1644624687.894193
File C:\awswebapps\twitter-clone\venv\Lib\site-packages\django\contrib\auth\checks.py first seen with mtime 1644624685.928184
File C:\awswebapps\twitter-clone\venv\Lib\site-packages\django\forms\boundfield.py first seen with mtime 1644624687.957193
File C:\awswebapps\twitter-clone\venv\Lib\site-packages\django\core\checks\security\sessions.py first seen with mtime 1644624687.80119
File C:\Users\ab1cd\AppData\Local\Programs\Python\Python310\Lib\bisect.py first seen with mtime 1633367524.0
File C:\awswebapps\twitter-clone\venv\Lib\site-packages\django\utils\dates.py first seen with mtime 1644624688.0951889
File C:\awswebapps\twitter-clone\venv\Lib\site-packages\django\urls\utils.py first seen with mtime 1644624688.085191
File C:\awswebapps\twitter-clone\venv\Lib\site-packages\django\utils\asyncio.py first seen with mtime 1644624688.0881922
File C:\Users\ab1cd\AppData\Local\Programs\Python\Python310\Lib\logging\config.py first seen with mtime 1633367524.0
File C:\Users\ab1cd\AppData\Local\Programs\Python\Python310\Lib\email\header.py first seen with mtime 1633367524.0
File C:\awswebapps\twitter-clone\venv\Lib\site-packages\django\apps\__init__.py first seen with mtime 1644624684.782191
File C:\Users\ab1cd\AppData\Local\Programs\Python\Python310\Lib\enum.py first seen with mtime 1642422312.0
File C:\awswebapps\twitter-clone\main\settings.py first seen with mtime 1657242152.0751374
File C:\Users\ab1cd\AppData\Local\Programs\Python\Python310\Lib\site.py first seen with mtime 1633367524.0
File C:\awswebapps\twitter-clone\venv\Lib\site-packages\django\template\exceptions.py first seen with mtime 1644624688.0541904
File C:\Users\ab1cd\AppData\Local\Programs\Python\Python310\DLLs\_asyncio.pyd first seen with mtime 1642422364.0
File C:\awswebapps\twitter-clone\venv\Lib\site-packages\django\conf\urls\__init__.py first seen with mtime 1644624685.1671767
File C:\awswebapps\twitter-clone\venv\Lib\site-packages\django\contrib\admin\helpers.py first seen with mtime 1644624685.177178
File C:\awswebapps\twitter-clone\venv\Lib\site-packages\django\forms\forms.py first seen with mtime 1644624687.9591925
File C:\Users\ab1cd\AppData\Local\Programs\Python\Python310\Lib\_compat_pickle.py first seen with mtime 1633367524.0
File C:\awswebapps\twitter-clone\venv\Lib\site-packages\django\db\backends\base\introspection.py first seen with mtime 1644624687.859192
File C:\Users\ab1cd\AppData\Local\Programs\Python\Python310\Lib\html\entities.py first seen with mtime 1633367524.0
File C:\awswebapps\twitter-clone\venv\Lib\site-packages\django\contrib\admin\widgets.py first seen with mtime 1644624685.182179
File C:\awswebapps\twitter-clone\main\urls.py first seen with mtime 1644618556.0601685
File C:\awswebapps\twitter-clone\venv\Lib\site-packages\django\db\models\deletion.py first seen with mtime 1644624687.9201956
File C:\Users\ab1cd\AppData\Local\Programs\Python\Python310\Lib\io.py first seen with mtime 1633367524.0
File C:\awswebapps\twitter-clone\venv\Lib\site-packages\django\core\checks\compatibility\django_4_0.py first seen with mtime 1644624687.7981925
File C:\awswebapps\twitter-clone\venv\Lib\site-packages\django\contrib\staticfiles\checks.py first seen with mtime 1644624687.7621908
File C:\awswebapps\twitter-clone\venv\Lib\site-packages\django\templatetags\__init__.py first seen with mtime 1644624688.06819
File C:\Users\ab1cd\AppData\Local\Programs\Python\Python310\Lib\opcode.py first seen with mtime 1633367524.0
File C:\awswebapps\twitter-clone\venv\Lib\site-packages\django\contrib\admin\templatetags\log.py first seen with mtime 1644624685.673186
File C:\Users\ab1cd\AppData\Local\Programs\Python\Python310\Lib\wsgiref\headers.py first seen with mtime 1633367526.0
File C:\Users\ab1cd\AppData\Local\Programs\Python\Python310\Lib\asyncio\proactor_events.py first seen with mtime 1633367524.0
File C:\awswebapps\twitter-clone\venv\Lib\site-packages\django\contrib\contenttypes\fields.py first seen with mtime 1644624686.1891806
File C:\awswebapps\twitter-clone\venv\Lib\site-packages\django\db\models\manager.py first seen with mtime 1644624687.9241931
File C:\awswebapps\twitter-clone\venv\Lib\site-packages\django\core\checks\async_checks.py first seen with mtime 1644624687.7901912
File C:\awswebapps\twitter-clone\venv\Lib\site-packages\django\db\models\functions\datetime.py first seen with mtime 1644624687.9411933
File C:\awswebapps\twitter-clone\venv\Lib\site-packages\django\db\models\utils.py first seen with mtime 1644624687.9291935
File C:\Users\ab1cd\AppData\Local\Programs\Python\Python310\Lib\unittest\suite.py first seen with mtime 1633367524.0
File C:\awswebapps\twitter-clone\venv\Lib\site-packages\django\core\handlers\asgi.py first seen with mtime 1644624687.8091922
File C:\Users\ab1cd\AppData\Local\Programs\Python\Python310\Lib\calendar.py first seen with mtime 1633367524.0
File C:\Users\ab1cd\AppData\Local\Programs\Python\Python310\Lib\dis.py first seen with mtime 1642422312.0
File C:\Users\ab1cd\AppData\Local\Programs\Python\Python310\Lib\warnings.py first seen with mtime 1633367526.0
File C:\Users\ab1cd\AppData\Local\Programs\Python\Python310\Lib\asyncio\windows_utils.py first seen with mtime 1633367524.0
File C:\awswebapps\twitter-clone\venv\Lib\site-packages\django\contrib\admin\templatetags\__init__.py first seen with mtime 1644624685.6691782
File C:\awswebapps\twitter-clone\venv\Lib\site-packages\django\utils\datastructures.py first seen with mtime 1644624688.093194
File C:\awswebapps\twitter-clone\venv\Lib\site-packages\django\utils\duration.py first seen with mtime 1644624688.099191
File C:\Users\ab1cd\AppData\Local\Programs\Python\Python310\Lib\random.py first seen with mtime 1633367524.0
File C:\awswebapps\twitter-clone\venv\Lib\site-packages\django\utils\http.py first seen with mtime 1644624688.105189
File C:\Users\ab1cd\AppData\Local\Programs\Python\Python310\Lib\encodings\cp1252.py first seen with mtime 1633367524.0
File C:\Users\ab1cd\AppData\Local\Programs\Python\Python310\Lib\http\__init__.py first seen with mtime 1633367524.0
File C:\Users\ab1cd\AppData\Local\Programs\Python\Python310\Lib\email\_parseaddr.py first seen with mtime 1642422312.0
File C:\Users\ab1cd\AppData\Local\Programs\Python\Python310\Lib\sqlite3\__init__.py first seen with mtime 1642422312.0
File C:\Users\ab1cd\AppData\Local\Programs\Python\Python310\Lib\encodings\utf_8.py first seen with mtime 1633367524.0
File C:\Users\ab1cd\AppData\Local\Programs\Python\Python310\Lib\asyncio\locks.py first seen with mtime 1642422312.0
File C:\Users\ab1cd\AppData\Local\Programs\Python\Python310\DLLs\_queue.pyd first seen with mtime 1642422364.0
File C:\awswebapps\twitter-clone\venv\Lib\site-packages\django\template\defaulttags.py first seen with mtime 1644624688.0521927
File C:\Users\ab1cd\AppData\Local\Programs\Python\Python310\Lib\os.py first seen with mtime 1633367524.0
File C:\Users\ab1cd\AppData\Local\Programs\Python\Python310\DLLs\select.pyd first seen with mtime 1642422364.0
File C:\awswebapps\twitter-clone\venv\Lib\site-packages\sqlparse\engine\statement_splitter.py first seen with mtime 1644624684.425181
File C:\Users\ab1cd\AppData\Local\Programs\Python\Python310\Lib\urllib\response.py first seen with mtime 1633367524.0
File C:\Users\ab1cd\AppData\Local\Programs\Python\Python310\Lib\email\_header_value_parser.py first seen with mtime 1633367524.0
File C:\awswebapps\twitter-clone\venv\Lib\site-packages\django\db\models\functions\math.py first seen with mtime 1644624687.9411933
File C:\Users\ab1cd\AppData\Local\Programs\Python\Python310\Lib\codecs.py first seen with mtime 1633367524.0
File C:\awswebapps\twitter-clone\venv\Lib\site-packages\django\contrib\auth\backends.py first seen with mtime 1644624685.9251854
File C:\awswebapps\twitter-clone\venv\Lib\site-packages\django\core\files\storage.py first seen with mtime 1644624687.8051906
File C:\awswebapps\twitter-clone\venv\Lib\site-packages\django\core\files\uploadedfile.py first seen with mtime 1644624687.8071926
File C:\awswebapps\twitter-clone\venv\Lib\site-packages\django\views\generic\__init__.py first seen with mtime 1644624688.136192
File C:\awswebapps\twitter-clone\venv\Lib\site-packages\django\db\__init__.py first seen with mtime 1644624687.8501909
File C:\awswebapps\twitter-clone\venv\Lib\site-packages\django\db\models\sql\__init__.py first seen with mtime 1644624687.9452019
File C:\awswebapps\twitter-clone\venv\Lib\site-packages\django\utils\formats.py first seen with mtime 1644624688.10219
File C:\awswebapps\twitter-clone\venv\Lib\site-packages\django\core\servers\__init__.py first seen with mtime 1644624687.8491921
File C:\awswebapps\twitter-clone\venv\Lib\site-packages\django\core\exceptions.py first seen with mtime 1644624687.7762039
File C:\Users\ab1cd\AppData\Local\Programs\Python\Python310\Lib\unittest\result.py first seen with mtime 1633367524.0
File C:\awswebapps\twitter-clone\venv\Lib\site-packages\django\contrib\contenttypes\__init__.py first seen with mtime 1644624686.1871789
File C:\Users\ab1cd\AppData\Local\Programs\Python\Python310\Lib\urllib\__init__.py first seen with mtime 1633367524.0
File C:\awswebapps\twitter-clone\venv\Lib\site-packages\django\contrib\contenttypes\management\__init__.py first seen with mtime 1644624686.363193
File C:\awswebapps\twitter-clone\venv\Lib\site-packages\django\utils\itercompat.py first seen with mtime 1644624688.10719
File C:\awswebapps\twitter-clone\venv\Lib\site-packages\django\views\static.py first seen with mtime 1644624688.1281927
File C:\Users\ab1cd\AppData\Local\Programs\Python\Python310\Lib\tokenize.py first seen with mtime 1633367524.0
File C:\awswebapps\twitter-clone\venv\Lib\site-packages\django\contrib\sites\shortcuts.py first seen with mtime 1644624687.59919
File C:\awswebapps\twitter-clone\venv\Lib\site-packages\_virtualenv.py first seen with mtime 1644624674.8970807
File C:\Users\ab1cd\AppData\Local\Programs\Python\Python310\Lib\asyncio\runners.py first seen with mtime 1633367524.0
File C:\awswebapps\twitter-clone\venv\Lib\site-packages\django\core\handlers\base.py first seen with mtime 1644624687.8101902
File C:\Users\ab1cd\AppData\Local\Programs\Python\Python310\Lib\zoneinfo\_common.py first seen with mtime 1633367526.0
File C:\awswebapps\twitter-clone\venv\Lib\site-packages\django\utils\deconstruct.py first seen with mtime 1644624688.097192
File C:\awswebapps\twitter-clone\venv\Lib\site-packages\django\urls\base.py first seen with mtime 1644624688.081189
File C:\awswebapps\twitter-clone\venv\Lib\site-packages\django\contrib\auth\decorators.py first seen with mtime 1644624685.9321868
File C:\awswebapps\twitter-clone\venv\Lib\site-packages\django\contrib\sessions\base_session.py first seen with mtime 1644624687.3381906
File C:\awswebapps\twitter-clone\venv\Lib\site-packages\django\template\response.py first seen with mtime 1644624688.0571923
File C:\awswebapps\twitter-clone\venv\Lib\site-packages\django\forms\models.py first seen with mtime 1644624687.9611938
File C:\awswebapps\twitter-clone\venv\Lib\site-packages\django\contrib\admin\__init__.py first seen with mtime 1644624685.1701767
File C:\Users\ab1cd\AppData\Local\Programs\Python\Python310\Lib\logging\__init__.py first seen with mtime 1642422312.0
File C:\awswebapps\twitter-clone\venv\Lib\site-packages\django\db\backends\ddl_references.py first seen with mtime 1644624687.8531916
File C:\awswebapps\twitter-clone\venv\Lib\site-packages\django\template\library.py first seen with mtime 1644624688.0551896
File C:\Users\ab1cd\AppData\Local\Programs\Python\Python310\Lib\wsgiref\__init__.py first seen with mtime 1633367526.0
File C:\awswebapps\twitter-clone\venv\Lib\site-packages\sqlparse\cli.py first seen with mtime 1644624684.4161806
File C:\awswebapps\twitter-clone\venv\Lib\site-packages\django\forms\formsets.py first seen with mtime 1644624687.9601939
File C:\Users\ab1cd\AppData\Local\Programs\Python\Python310\Lib\email\parser.py first seen with mtime 1633367524.0
File C:\awswebapps\twitter-clone\venv\Lib\site-packages\django\contrib\sessions\backends\__init__.py first seen with mtime 1644624687.342191
File C:\Users\ab1cd\AppData\Local\Programs\Python\Python310\Lib\importlib\machinery.py first seen with mtime 1633367524.0
File C:\awswebapps\twitter-clone\venv\Lib\site-packages\django\contrib\__init__.py first seen with mtime 1644624685.1691785
File C:\Users\ab1cd\AppData\Local\Programs\Python\Python310\Lib\unittest\__init__.py first seen with mtime 1633367524.0
File C:\awswebapps\twitter-clone\venv\Lib\site-packages\django\db\migrations\state.py first seen with mtime 1644624687.9081929
File C:\awswebapps\twitter-clone\venv\Lib\site-packages\django\http\cookie.py first seen with mtime 1644624688.0361893
File C:\awswebapps\twitter-clone\venv\Lib\site-packages\django\db\models\aggregates.py first seen with mtime 1644624687.916193
File C:\Users\ab1cd\AppData\Local\Programs\Python\Python310\Lib\quopri.py first seen with mtime 1633367524.0
File C:\Users\ab1cd\AppData\Local\Programs\Python\Python310\Lib\string.py first seen with mtime 1633367524.0
File C:\Users\ab1cd\AppData\Local\Programs\Python\Python310\Lib\asyncio\transports.py first seen with mtime 1633367524.0
File C:\awswebapps\twitter-clone\venv\Lib\site-packages\django\utils\autoreload.py first seen with mtime 1644624688.0891902
File C:\awswebapps\twitter-clone\venv\Lib\site-packages\django\core\cache\__init__.py first seen with mtime 1644624687.782192
File C:\awswebapps\twitter-clone\venv\Lib\site-packages\django\contrib\messages\constants.py first seen with mtime 1644624687.013194
File C:\awswebapps\twitter-clone\venv\Lib\site-packages\django\core\management\base.py first seen with mtime 1644624687.821193
File C:\Users\ab1cd\AppData\Local\Programs\Python\Python310\Lib\logging\handlers.py first seen with mtime 1642422312.0
File C:\awswebapps\twitter-clone\venv\Lib\site-packages\django\template\loaders\filesystem.py first seen with mtime 1644624688.0671904
File C:\Users\ab1cd\AppData\Local\Programs\Python\Python310\Lib\_compression.py first seen with mtime 1633367524.0
File C:\Users\ab1cd\AppData\Local\Programs\Python\Python310\Lib\uu.py first seen with mtime 1633367524.0
File C:\Users\ab1cd\AppData\Local\Programs\Python\Python310\Lib\decimal.py first seen with mtime 1633367524.0
File C:\Users\ab1cd\AppData\Local\Programs\Python\Python310\Lib\email\charset.py first seen with mtime 1633367524.0
File C:\awswebapps\twitter-clone\venv\Lib\site-packages\django\core\files\locks.py first seen with mtime 1644624687.8031917
File C:\awswebapps\twitter-clone\venv\Lib\site-packages\django\db\models\constraints.py first seen with mtime 1644624687.9191942
File C:\Users\ab1cd\AppData\Local\Programs\Python\Python310\Lib\gettext.py first seen with mtime 1633367524.0
File C:\awswebapps\twitter-clone\venv\Lib\site-packages\django\http\multipartparser.py first seen with mtime 1644624688.0371926
File C:\awswebapps\twitter-clone\venv\Lib\site-packages\django\core\serializers\python.py first seen with mtime 1644624687.8461936
File C:\Users\ab1cd\AppData\Local\Programs\Python\Python310\Lib\wsgiref\handlers.py first seen with mtime 1633367526.0
File C:\awswebapps\twitter-clone\venv\Lib\site-packages\django\utils\decorators.py first seen with mtime 1644624688.0981913
File C:\awswebapps\twitter-clone\venv\Lib\site-packages\django\__init__.py first seen with mtime 1644624684.77918
File C:\awswebapps\twitter-clone\venv\Lib\site-packages\django\templatetags\tz.py first seen with mtime 1644624688.072188
File C:\awswebapps\twitter-clone\venv\Lib\site-packages\django\db\backends\sqlite3\base.py first seen with mtime 1644624687.8911986
File C:\awswebapps\twitter-clone\venv\Lib\site-packages\django\utils\ipv6.py first seen with mtime 1644624688.10719
File C:\awswebapps\twitter-clone\venv\Lib\site-packages\django\contrib\auth\validators.py first seen with mtime 1644624685.9461875
File C:\awswebapps\twitter-clone\venv\Lib\site-packages\django\template\autoreload.py first seen with mtime 1644624688.0481915
File C:\awswebapps\twitter-clone\venv\Lib\site-packages\django\db\models\fields\related.py first seen with mtime 1644624687.9341986
File C:\Users\ab1cd\AppData\Local\Programs\Python\Python310\Lib\ntpath.py first seen with mtime 1633367524.0
File C:\awswebapps\twitter-clone\venv\Lib\site-packages\django\conf\__init__.py first seen with mtime 1644624684.7841785
File C:\Users\ab1cd\AppData\Local\Programs\Python\Python310\Lib\dataclasses.py first seen with mtime 1642422312.0
File C:\awswebapps\twitter-clone\venv\Lib\site-packages\django\db\backends\sqlite3\creation.py first seen with mtime 1644624687.8921974
File C:\awswebapps\twitter-clone\venv\Lib\site-packages\django\core\checks\security\base.py first seen with mtime 1644624687.799191
File C:\Users\ab1cd\AppData\Local\Programs\Python\Python310\Lib\unittest\runner.py first seen with mtime 1642422312.0
File C:\awswebapps\twitter-clone\venv\Lib\site-packages\django\templatetags\static.py first seen with mtime 1644624688.0711887
File C:\awswebapps\twitter-clone\venv\Lib\site-packages\django\utils\safestring.py first seen with mtime 1644624688.1131947
File C:\awswebapps\twitter-clone\venv\Lib\site-packages\django\core\serializers\__init__.py first seen with mtime 1644624687.8431895
File C:\Users\ab1cd\AppData\Local\Programs\Python\Python310\Lib\collections\__init__.py first seen with mtime 1633367524.0
File C:\awswebapps\twitter-clone\venv\Lib\site-packages\django\views\__init__.py first seen with mtime 1644624688.1251924
File C:\Users\ab1cd\AppData\Local\Programs\Python\Python310\Lib\lzma.py first seen with mtime 1642422312.0
File C:\awswebapps\twitter-clone\venv\Lib\site-packages\django\dispatch\__init__.py first seen with mtime 1644624687.9531944
File C:\awswebapps\twitter-clone\venv\Lib\site-packages\asgiref\current_thread_executor.py first seen with mtime 1644624684.6581793
File C:\Users\ab1cd\AppData\Local\Programs\Python\Python310\Lib\selectors.py first seen with mtime 1633367524.0
File C:\awswebapps\twitter-clone\venv\Lib\site-packages\django\core\files\__init__.py first seen with mtime 1644624687.80119
File C:\Users\ab1cd\AppData\Local\Programs\Python\Python310\Lib\zoneinfo\__init__.py first seen with mtime 1633367526.0
File C:\awswebapps\twitter-clone\venv\Lib\site-packages\django\utils\topological_sort.py first seen with mtime 1644624688.1171908
File C:\Users\ab1cd\AppData\Local\Programs\Python\Python310\Lib\asyncio\selector_events.py first seen with mtime 1633367524.0
File C:\Users\ab1cd\AppData\Local\Programs\Python\Python310\Lib\tempfile.py first seen with mtime 1642422312.0
File C:\Users\ab1cd\AppData\Local\Programs\Python\Python310\Lib\linecache.py first seen with mtime 1642422312.0
File C:\Users\ab1cd\AppData\Local\Programs\Python\Python310\Lib\asyncio\base_events.py first seen with mtime 1633367524.0
File C:\Users\ab1cd\AppData\Local\Programs\Python\Python310\Lib\reprlib.py first seen with mtime 1633367524.0
File C:\Users\ab1cd\AppData\Local\Programs\Python\Python310\Lib\concurrent\futures\thread.py first seen with mtime 1642422312.0
File C:\awswebapps\twitter-clone\venv\Lib\site-packages\django\contrib\admin\views\__init__.py first seen with mtime 1644624685.6741784
File C:\Users\ab1cd\AppData\Local\Programs\Python\Python310\Lib\wsgiref\util.py first seen with mtime 1633367526.0
File C:\awswebapps\twitter-clone\venv\Lib\site-packages\django\db\backends\base\creation.py first seen with mtime 1644624687.8571913
File C:\Users\ab1cd\AppData\Local\Programs\Python\Python310\DLLs\_zoneinfo.pyd first seen with mtime 1642422364.0
File C:\awswebapps\twitter-clone\venv\Lib\site-packages\django\core\servers\basehttp.py first seen with mtime 1644624687.8501909
File C:\awswebapps\twitter-clone\venv\Lib\site-packages\django\db\migrations\operations\models.py first seen with mtime 1644624687.9131932
File C:\Users\ab1cd\AppData\Local\Programs\Python\Python310\Lib\email\feedparser.py first seen with mtime 1633367524.0
File C:\awswebapps\twitter-clone\venv\Lib\site-packages\django\contrib\admin\templatetags\admin_urls.py first seen with mtime 1644624685.6721816
File C:\awswebapps\twitter-clone\venv\Lib\site-packages\django\template\loaders\base.py first seen with mtime 1644624688.0651917
File C:\Users\ab1cd\AppData\Local\Programs\Python\Python310\Lib\encodings\__init__.py first seen with mtime 1633367524.0
File C:\Users\ab1cd\AppData\Local\Programs\Python\Python310\Lib\_sitebuiltins.py first seen with mtime 1633367524.0
File C:\Users\ab1cd\AppData\Local\Programs\Python\Python310\Lib\email\iterators.py first seen with mtime 1633367524.0
File C:\awswebapps\twitter-clone\venv\Lib\site-packages\django\conf\global_settings.py first seen with mtime 1644624684.785185
File C:\awswebapps\twitter-clone\venv\Lib\site-packages\django\db\models\functions\mixins.py first seen with mtime 1644624687.942192
File C:\awswebapps\twitter-clone\venv\Lib\site-packages\django\template\defaultfilters.py first seen with mtime 1644624688.0521927
File C:\awswebapps\twitter-clone\venv\Lib\site-packages\django\contrib\messages\apps.py first seen with mtime 1644624687.013194
File C:\awswebapps\twitter-clone\main\__init__.py first seen with mtime 1644618556.0571697
File C:\awswebapps\twitter-clone\venv\Lib\site-packages\django\core\checks\messages.py first seen with mtime 1644624687.7931912
File C:\Users\ab1cd\AppData\Local\Programs\Python\Python310\Lib\secrets.py first seen with mtime 1633367524.0
File C:\Users\ab1cd\AppData\Local\Programs\Python\Python310\Lib\cgi.py first seen with mtime 1633367524.0
File C:\awswebapps\twitter-clone\venv\Lib\site-packages\django\contrib\admin\exceptions.py first seen with mtime 1644624685.1741793
File C:\awswebapps\twitter-clone\venv\Lib\site-packages\django\http\request.py first seen with mtime 1644624688.0381925
File C:\Users\ab1cd\AppData\Local\Programs\Python\Python310\Lib\email\_policybase.py first seen with mtime 1633367524.0
File C:\Users\ab1cd\AppData\Local\Programs\Python\Python310\Lib\email\errors.py first seen with mtime 1642422312.0
File C:\awswebapps\twitter-clone\venv\Lib\site-packages\django\contrib\admin\actions.py first seen with mtime 1644624685.1701767
File C:\awswebapps\twitter-clone\venv\Lib\site-packages\django\contrib\admin\utils.py first seen with mtime 1644624685.1811776
File C:\awswebapps\twitter-clone\venv\Lib\site-packages\django\dispatch\dispatcher.py first seen with mtime 1644624687.9541936
File C:\Users\ab1cd\AppData\Local\Programs\Python\Python310\Lib\email\mime\message.py first seen with mtime 1633367524.0
File C:\Users\ab1cd\AppData\Local\Programs\Python\Python310\Lib\pickle.py first seen with mtime 1642422312.0
File C:\awswebapps\twitter-clone\venv\Lib\site-packages\django\template\loader.py first seen with mtime 1644624688.0561924
File C:\Users\ab1cd\AppData\Local\Programs\Python\Python310\Lib\unittest\signals.py first seen with mtime 1633367524.0
File C:\awswebapps\twitter-clone\venv\Lib\site-packages\django\urls\conf.py first seen with mtime 1644624688.082194
File C:\awswebapps\twitter-clone\venv\Lib\site-packages\django\contrib\staticfiles\management\commands\runserver.py first seen with mtime 1644624687.7711906
File C:\Users\ab1cd\AppData\Local\Programs\Python\Python310\Lib\contextlib.py first seen with mtime 1642422312.0
File C:\awswebapps\twitter-clone\venv\Lib\site-packages\django\views\defaults.py first seen with mtime 1644624688.127195
File C:\awswebapps\twitter-clone\twitterclone\views.py first seen with mtime 1657235598.305821
File C:\awswebapps\twitter-clone\venv\Lib\site-packages\django\template\utils.py first seen with mtime 1644624688.0591936
File C:\Users\ab1cd\AppData\Local\Programs\Python\Python310\Lib\pkgutil.py first seen with mtime 1633367524.0
File C:\Users\ab1cd\AppData\Local\Programs\Python\Python310\Lib\types.py first seen with mtime 1642422312.0
File C:\Users\ab1cd\AppData\Local\Programs\Python\Python310\DLLs\_overlapped.pyd first seen with mtime 1642422364.0
File C:\awswebapps\twitter-clone\manage.py first seen with mtime 1644618556.0611672
File C:\Users\ab1cd\AppData\Local\Programs\Python\Python310\Lib\weakref.py first seen with mtime 1633367526.0
File C:\awswebapps\twitter-clone\twitterclone\__init__.py first seen with mtime 1644618556.0611672
File C:\awswebapps\twitter-clone\venv\Lib\site-packages\django\template\loaders\app_directories.py first seen with mtime 1644624688.0641887
File C:\awswebapps\twitter-clone\venv\Lib\site-packages\django\db\backends\base\validation.py first seen with mtime 1644624687.8621912
File C:\awswebapps\twitter-clone\venv\Lib\site-packages\django\db\models\sql\datastructures.py first seen with mtime 1644624687.9471946
File C:\awswebapps\twitter-clone\venv\Lib\site-packages\django\views\debug.py first seen with mtime 1644624688.1261897
File C:\awswebapps\twitter-clone\venv\Lib\site-packages\django\db\migrations\exceptions.py first seen with mtime 1644624687.900197
File C:\awswebapps\twitter-clone\venv\Lib\site-packages\sqlparse\lexer.py first seen with mtime 1644624684.4201777
File C:\awswebapps\twitter-clone\venv\Lib\site-packages\django\contrib\contenttypes\forms.py first seen with mtime 1644624686.19018
File C:\awswebapps\twitter-clone\twitterclone\admin.py first seen with mtime 1644618556.063168
File C:\awswebapps\twitter-clone\venv\Lib\site-packages\django\core\checks\urls.py first seen with mtime 1644624687.7971914
File C:\awswebapps\twitter-clone\venv\Lib\site-packages\django\middleware\__init__.py first seen with mtime 1644624688.0401988
File C:\Users\ab1cd\AppData\Local\Programs\Python\Python310\Lib\email\headerregistry.py first seen with mtime 1633367524.0
File C:\awswebapps\twitter-clone\venv\Lib\site-packages\django\utils\inspect.py first seen with mtime 1644624688.106192
File C:\Users\ab1cd\AppData\Local\Programs\Python\Python310\Lib\concurrent\__init__.py first seen with mtime 1633367524.0
File C:\awswebapps\twitter-clone\venv\Lib\site-packages\django\views\generic\edit.py first seen with mtime 1644624688.1391923
File C:\awswebapps\twitter-clone\venv\Lib\site-packages\django\core\cache\backends\base.py first seen with mtime 1644624687.7841928
File C:\Users\ab1cd\AppData\Local\Programs\Python\Python310\DLLs\_decimal.pyd first seen with mtime 1642422364.0
File C:\awswebapps\twitter-clone\venv\Lib\site-packages\asgiref\__init__.py first seen with mtime 1644624684.6571784
File C:\awswebapps\twitter-clone\venv\Lib\site-packages\django\core\checks\templates.py first seen with mtime 1644624687.7951908
File C:\Users\ab1cd\AppData\Local\Programs\Python\Python310\Lib\signal.py first seen with mtime 1642422312.0
File C:\awswebapps\twitter-clone\venv\Lib\site-packages\django\utils\cache.py first seen with mtime 1644624688.0901895
File C:\Users\ab1cd\AppData\Local\Programs\Python\Python310\Lib\copy.py first seen with mtime 1642422312.0
File C:\Users\ab1cd\AppData\Local\Programs\Python\Python310\Lib\asyncio\base_futures.py first seen with mtime 1633367524.0
File C:\Users\ab1cd\AppData\Local\Programs\Python\Python310\Lib\sre_parse.py first seen with mtime 1633367524.0
File C:\awswebapps\twitter-clone\venv\Lib\site-packages\django\middleware\csrf.py first seen with mtime 1644624688.0431936
File C:\awswebapps\twitter-clone\twitterclone\templates\twitterclone first seen with mtime 1645842927.904326
File C:\awswebapps\twitter-clone\twitterclone\templates\twitterclone\following.html first seen with mtime 1644618556.068167
File C:\awswebapps\twitter-clone\twitterclone\templates\twitterclone\index.html first seen with mtime 1644931653.3207994
File C:\awswebapps\twitter-clone\twitterclone\templates\twitterclone\layout.html first seen with mtime 1645842927.903334
File C:\awswebapps\twitter-clone\twitterclone\templates\twitterclone\login.html first seen with mtime 1645141771.510611
File C:\awswebapps\twitter-clone\twitterclone\templates\twitterclone\register.html first seen with mtime 1644618556.0701706
File C:\awswebapps\twitter-clone\twitterclone\templates\twitterclone\user.html first seen with mtime 1644618556.0701706
File C:\awswebapps\twitter-clone\venv\Lib\site-packages\django\contrib\auth\migrations\0003_alter_user_email_max_length.py first seen with mtime 1644624686.1761806
File C:\awswebapps\twitter-clone\venv\Lib\site-packages\django\db\migrations\recorder.py first seen with mtime 1644624687.9061925
File C:\awswebapps\twitter-clone\twitterclone\migrations\0001_initial.py first seen with mtime 1644890742.917873
File C:\awswebapps\twitter-clone\venv\Lib\site-packages\django\contrib\auth\migrations\0010_alter_group_name_max_length.py first seen with mtime 1644624686.1821787
File C:\awswebapps\twitter-clone\venv\Lib\site-packages\django\db\migrations\executor.py first seen with mtime 1644624687.9011953
File C:\awswebapps\twitter-clone\venv\Lib\site-packages\django\contrib\sessions\migrations\0001_initial.py first seen with mtime 1644624687.5861895
File C:\awswebapps\twitter-clone\venv\Lib\site-packages\django\db\migrations\graph.py first seen with mtime 1644624687.9021947
File C:\awswebapps\twitter-clone\venv\Lib\site-packages\django\contrib\sessions\exceptions.py first seen with mtime 1644624687.3391979
File C:\awswebapps\twitter-clone\venv\Lib\site-packages\django\middleware\clickjacking.py first seen with mtime 1644624688.0411925
File C:\awswebapps\twitter-clone\venv\Lib\site-packages\django\db\migrations\loader.py first seen with mtime 1644624687.9031973
File C:\awswebapps\twitter-clone\venv\Lib\site-packages\django\contrib\auth\migrations\0001_initial.py first seen with mtime 1644624686.1741781
File C:\Users\ab1cd\AppData\Local\Programs\Python\Python310\Lib\encodings\idna.py first seen with mtime 1633367524.0
File C:\awswebapps\twitter-clone\venv\Lib\site-packages\django\contrib\sessions\backends\base.py first seen with mtime 1644624687.3431907
File C:\awswebapps\twitter-clone\venv\Lib\site-packages\django\contrib\sessions\backends\db.py first seen with mtime 1644624687.345191
File C:\awswebapps\twitter-clone\venv\Lib\site-packages\django\contrib\contenttypes\migrations\0002_remove_content_type_name.py first seen with mtime 1644624686.3661933
File C:\awswebapps\twitter-clone\venv\Lib\site-packages\django\contrib\auth\migrations\0011_update_proxy_permissions.py first seen with mtime 1644624686.1831799
File C:\awswebapps\twitter-clone\venv\Lib\site-packages\django\middleware\common.py first seen with mtime 1644624688.042189
File C:\awswebapps\twitter-clone\twitterclone\migrations\__init__.py first seen with mtime 1644618556.0651705
File C:\awswebapps\twitter-clone\venv\Lib\site-packages\django\contrib\auth\migrations\0002_alter_permission_name_max_length.py first seen with mtime 1644624686.1751802
File C:\awswebapps\twitter-clone\venv\Lib\site-packages\django\contrib\auth\migrations\0006_require_contenttypes_0002.py first seen with mtime 1644624686.1781788
File C:\awswebapps\twitter-clone\venv\Lib\site-packages\django\contrib\sessions\migrations\__init__.py first seen with mtime 1644624687.5871902
File C:\awswebapps\twitter-clone\venv\Lib\site-packages\django\contrib\admin\migrations\0002_logentry_remove_auto_add.py first seen with mtime 1644624685.52518
File C:\awswebapps\twitter-clone\venv\Lib\site-packages\django\contrib\auth\migrations\__init__.py first seen with mtime 1644624686.1841779
File C:\awswebapps\twitter-clone\venv\Lib\site-packages\django\contrib\auth\migrations\0009_alter_user_last_name_max_length.py first seen with mtime 1644624686.1811805
File C:\awswebapps\twitter-clone\venv\Lib\site-packages\django\contrib\admin\migrations\0001_initial.py first seen with mtime 1644624685.5241792
File C:\awswebapps\twitter-clone\venv\Lib\site-packages\django\contrib\auth\migrations\0004_alter_user_username_opts.py first seen with mtime 1644624686.1771812
File C:\awswebapps\twitter-clone\venv\Lib\site-packages\django\contrib\auth\migrations\0012_alter_user_first_name_max_length.py first seen with mtime 1644624686.1831799
File C:\awswebapps\twitter-clone\venv\Lib\site-packages\django\contrib\contenttypes\migrations\0001_initial.py first seen with mtime 1644624686.3661933
File C:\awswebapps\twitter-clone\venv\Lib\site-packages\django\contrib\admin\migrations\0003_logentry_add_action_flag_choices.py first seen with mtime 1644624685.5261772
File C:\Users\ab1cd\AppData\Local\Programs\Python\Python310\Lib\stringprep.py first seen with mtime 1633367524.0
File C:\awswebapps\twitter-clone\venv\Lib\site-packages\django\db\models\sql\compiler.py first seen with mtime 1644624687.9461954
File C:\awswebapps\twitter-clone\venv\Lib\site-packages\django\contrib\auth\migrations\0008_alter_user_username_max_length.py first seen with mtime 1644624686.18018
File C:\awswebapps\twitter-clone\venv\Lib\site-packages\django\contrib\auth\migrations\0007_alter_validators_add_error_messages.py first seen with mtime 1644624686.1791785
File C:\awswebapps\twitter-clone\venv\Lib\site-packages\django\views\csrf.py first seen with mtime 1644624688.1251924
File C:\awswebapps\twitter-clone\main\wsgi.py first seen with mtime 1644618556.0601685
File C:\awswebapps\twitter-clone\venv\Lib\site-packages\django\contrib\messages\middleware.py first seen with mtime 1644624687.0151906
File C:\awswebapps\twitter-clone\venv\Lib\site-packages\django\contrib\admin\migrations\__init__.py first seen with mtime 1644624685.5261772
File C:\awswebapps\twitter-clone\venv\Lib\site-packages\django\contrib\contenttypes\migrations\__init__.py first seen with mtime 1644624686.367197
File C:\awswebapps\twitter-clone\venv\Lib\site-packages\django\contrib\auth\migrations\0005_alter_user_last_login_null.py first seen with mtime 1644624686.1771812
